<?xml version="1.0" encoding="UTF-8"?>
<!-- Generated by org.testng.reporters.JUnitXMLReporter -->
<testsuite ignored="29" hostname="Nehal-PC" failures="1" tests="1" name="Default test" time="50.955" errors="0" timestamp="2025-06-20T05:38:01 IST">
  <testcase classname="tests.AboutPageTest" name="verifyFooterLinksRedirectToCorrectPages" time="46.574">
    <failure type="org.openqa.selenium.TimeoutException" message="Expected condition failed: waiting for visibility of element located by By.xpath: /html[1]/body[1]/footer[1]/div[1]/div[2]/div[1]/ul[1]/li[6]/a[1] (tried for 10 second(s) with 500 milliseconds interval)
Build info: version: &amp;apos;4.20.0&amp;apos;, revision: &amp;apos;866c76ca80&amp;apos;
System info: os.name: &amp;apos;Windows 11&amp;apos;, os.arch: &amp;apos;amd64&amp;apos;, os.version: &amp;apos;10.0&amp;apos;, java.version: &amp;apos;21.0.6&amp;apos;
Driver info: org.openqa.selenium.chrome.ChromeDriver
Capabilities {acceptInsecureCerts: false, browserName: chrome, browserVersion: 137.0.7151.104, chrome: {chromedriverVersion: 137.0.7151.119 (e0ac9d12dff..., userDataDir: C:\Users\nehal\AppData\Loca...}, fedcm:accounts: true, goog:chromeOptions: {debuggerAddress: localhost:56383}, networkConnectionEnabled: false, pageLoadStrategy: normal, platformName: windows, proxy: Proxy(), se:cdp: ws://localhost:56383/devtoo..., se:cdpVersion: 137.0.7151.104, setWindowRect: true, strictFileInteractability: false, timeouts: {implicit: 0, pageLoad: 300000, script: 30000}, unhandledPromptBehavior: dismiss and notify, webauthn:extension:credBlob: true, webauthn:extension:largeBlob: true, webauthn:extension:minPinLength: true, webauthn:extension:prf: true, webauthn:virtualAuthenticators: true}
Session ID: e6b7859d220d54f09b028acac4888fe9">
      <![CDATA[org.openqa.selenium.TimeoutException: Expected condition failed: waiting for visibility of element located by By.xpath: /html[1]/body[1]/footer[1]/div[1]/div[2]/div[1]/ul[1]/li[6]/a[1] (tried for 10 second(s) with 500 milliseconds interval)
Build info: version: '4.20.0', revision: '866c76ca80'
System info: os.name: 'Windows 11', os.arch: 'amd64', os.version: '10.0', java.version: '21.0.6'
Driver info: org.openqa.selenium.chrome.ChromeDriver
Capabilities {acceptInsecureCerts: false, browserName: chrome, browserVersion: 137.0.7151.104, chrome: {chromedriverVersion: 137.0.7151.119 (e0ac9d12dff..., userDataDir: C:\Users\nehal\AppData\Loca...}, fedcm:accounts: true, goog:chromeOptions: {debuggerAddress: localhost:56383}, networkConnectionEnabled: false, pageLoadStrategy: normal, platformName: windows, proxy: Proxy(), se:cdp: ws://localhost:56383/devtoo..., se:cdpVersion: 137.0.7151.104, setWindowRect: true, strictFileInteractability: false, timeouts: {implicit: 0, pageLoad: 300000, script: 30000}, unhandledPromptBehavior: dismiss and notify, webauthn:extension:credBlob: true, webauthn:extension:largeBlob: true, webauthn:extension:minPinLength: true, webauthn:extension:prf: true, webauthn:virtualAuthenticators: true}
Session ID: e6b7859d220d54f09b028acac4888fe9
at org.openqa.selenium.support.ui.WebDriverWait.timeoutException(WebDriverWait.java:84)
at org.openqa.selenium.support.ui.FluentWait.until(FluentWait.java:228)
at utils.CommonMethods.waitForElement(CommonMethods.java:15)
at tests.AboutPageTest.checkFooterRedirection(AboutPageTest.java:476)
at tests.AboutPageTest.verifyFooterLinksRedirectToCorrectPages(AboutPageTest.java:463)
at java.base/jdk.internal.reflect.DirectMethodHandleAccessor.invoke(DirectMethodHandleAccessor.java:103)
at java.base/java.lang.reflect.Method.invoke(Method.java:580)
at org.testng.internal.invokers.MethodInvocationHelper.invokeMethod(MethodInvocationHelper.java:139)
at org.testng.internal.invokers.TestInvoker.invokeMethod(TestInvoker.java:664)
at org.testng.internal.invokers.TestInvoker.invokeTestMethod(TestInvoker.java:228)
at org.testng.internal.invokers.MethodRunner.runInSequence(MethodRunner.java:63)
at org.testng.internal.invokers.TestInvoker$MethodInvocationAgent.invoke(TestInvoker.java:961)
at org.testng.internal.invokers.TestInvoker.invokeTestMethods(TestInvoker.java:201)
at org.testng.internal.invokers.TestMethodWorker.invokeTestMethods(TestMethodWorker.java:148)
at org.testng.internal.invokers.TestMethodWorker.run(TestMethodWorker.java:128)
at java.base/java.util.ArrayList.forEach(ArrayList.java:1596)
at org.testng.TestRunner.privateRun(TestRunner.java:819)
at org.testng.TestRunner.run(TestRunner.java:619)
at org.testng.SuiteRunner.runTest(SuiteRunner.java:443)
at org.testng.SuiteRunner.runSequentially(SuiteRunner.java:437)
at org.testng.SuiteRunner.privateRun(SuiteRunner.java:397)
at org.testng.SuiteRunner.run(SuiteRunner.java:336)
at org.testng.SuiteRunnerWorker.runSuite(SuiteRunnerWorker.java:52)
at org.testng.SuiteRunnerWorker.run(SuiteRunnerWorker.java:95)
at org.testng.TestNG.runSuitesSequentially(TestNG.java:1301)
at org.testng.TestNG.runSuitesLocally(TestNG.java:1228)
at org.testng.TestNG.runSuites(TestNG.java:1134)
at org.testng.TestNG.run(TestNG.java:1101)
at org.testng.remote.AbstractRemoteTestNG.run(AbstractRemoteTestNG.java:115)
at org.testng.remote.RemoteTestNG.initAndRun(RemoteTestNG.java:293)
at org.testng.remote.RemoteTestNG.main(RemoteTestNG.java:91)
]]>
    </failure>
  </testcase> <!-- verifyFooterLinksRedirectToCorrectPages -->
  <testcase classname="tests.AboutPageTest" name="verifyMissionImageIsDisplayed" time="0.0">
    <ignored/>
  </testcase> <!-- verifyMissionImageIsDisplayed -->
  <testcase classname="tests.AboutPageTest" name="verifyAboutPageTitle" time="0.0">
    <ignored/>
  </testcase> <!-- verifyAboutPageTitle -->
  <testcase classname="tests.AboutPageTest" name="verifySocialMediaIconsAreHorizontallyAligned" time="0.0">
    <ignored/>
  </testcase> <!-- verifySocialMediaIconsAreHorizontallyAligned -->
  <testcase classname="tests.AboutPageTest" name="verifyHeaderNavigationBar" time="0.0">
    <ignored/>
  </testcase> <!-- verifyHeaderNavigationBar -->
  <testcase classname="tests.AboutPageTest" name="verifyWondrxLogoIsDisplayed" time="0.0">
    <ignored/>
  </testcase> <!-- verifyWondrxLogoIsDisplayed -->
  <testcase classname="tests.AboutPageTest" name="verifyHeaderNavigationBar1" time="0.0">
    <ignored/>
  </testcase> <!-- verifyHeaderNavigationBar1 -->
  <testcase classname="tests.AboutPageTest" name="verifyContactUsButtonRedirectsCorrectly" time="0.0">
    <ignored/>
  </testcase> <!-- verifyContactUsButtonRedirectsCorrectly -->
  <testcase classname="tests.AboutPageTest" name="verifyAllFooterLinksAreClickable" time="0.0">
    <ignored/>
  </testcase> <!-- verifyAllFooterLinksAreClickable -->
  <testcase classname="tests.AboutPageTest" name="verifyWondrxValuesSectionAndIconsDisplayed" time="0.0">
    <ignored/>
  </testcase> <!-- verifyWondrxValuesSectionAndIconsDisplayed -->
  <testcase classname="tests.AboutPageTest" name="verifyVisionWeHaveSectionContent" time="0.0">
    <ignored/>
  </testcase> <!-- verifyVisionWeHaveSectionContent -->
  <testcase classname="tests.AboutPageTest" name="verifyFollowUsLabelAndSocialIcons" time="0.0">
    <ignored/>
  </testcase> <!-- verifyFollowUsLabelAndSocialIcons -->
  <testcase classname="tests.AboutPageTest" name="verifyFooterLinksAlignment" time="0.0">
    <ignored/>
  </testcase> <!-- verifyFooterLinksAlignment -->
  <testcase classname="tests.AboutPageTest" name="verifyWhoAreWeContentIsDisplayedCorrectly" time="0.0">
    <ignored/>
  </testcase> <!-- verifyWhoAreWeContentIsDisplayedCorrectly -->
  <testcase classname="tests.AboutPageTest" name="verifyBlogsNavRedirectsToBlogsPage" time="0.0">
    <ignored/>
  </testcase> <!-- verifyBlogsNavRedirectsToBlogsPage -->
  <testcase classname="tests.AboutPageTest" name="verifySocialIconsRedirectToCorrectURLs" time="0.0">
    <ignored/>
  </testcase> <!-- verifySocialIconsRedirectToCorrectURLs -->
  <testcase classname="tests.AboutPageTest" name="verifyHeaderNavigationBarVisibility" time="0.0">
    <ignored/>
  </testcase> <!-- verifyHeaderNavigationBarVisibility -->
  <testcase classname="tests.AboutPageTest" name="verifyFAQsNavRedirectsToFAQsPage" time="0.0">
    <ignored/>
  </testcase> <!-- verifyFAQsNavRedirectsToFAQsPage -->
  <testcase classname="tests.AboutPageTest" name="verifyWhoAreWeTitleIsDisplayed" time="0.0">
    <ignored/>
  </testcase> <!-- verifyWhoAreWeTitleIsDisplayed -->
  <testcase classname="tests.AboutPageTest" name="verifyFooterLogoAndTextDisplayed" time="0.0">
    <ignored/>
  </testcase> <!-- verifyFooterLogoAndTextDisplayed -->
  <testcase classname="tests.AboutPageTest" name="verifyAboutNavReloadsAboutPage" time="0.0">
    <ignored/>
  </testcase> <!-- verifyAboutNavReloadsAboutPage -->
  <testcase classname="tests.AboutPageTest" name="verifySpacingBetweenSections" time="0.0">
    <ignored/>
  </testcase> <!-- verifySpacingBetweenSections -->
  <testcase classname="tests.AboutPageTest" name="verifyAboutUsImageIsDisplayed" time="0.0">
    <ignored/>
  </testcase> <!-- verifyAboutUsImageIsDisplayed -->
  <testcase classname="tests.AboutPageTest" name="verifyFAQsAndContactUsAlignment" time="0.0">
    <ignored/>
  </testcase> <!-- verifyFAQsAndContactUsAlignment -->
  <testcase classname="tests.AboutPageTest" name="verifyConsumersNavRedirectsToConsumersPage" time="0.0">
    <ignored/>
  </testcase> <!-- verifyConsumersNavRedirectsToConsumersPage -->
  <testcase classname="tests.AboutPageTest" name="verifySocialIconsAreClickableAndOpenCorrectPages" time="0.0">
    <ignored/>
  </testcase> <!-- verifySocialIconsAreClickableAndOpenCorrectPages -->
  <testcase classname="tests.AboutPageTest" name="verifyProvidersNavRedirectsToProvidersPage" time="0.0">
    <ignored/>
  </testcase> <!-- verifyProvidersNavRedirectsToProvidersPage -->
  <testcase classname="tests.AboutPageTest" name="verifyCopyrightNoticeIsDisplayed" time="0.0">
    <ignored/>
  </testcase> <!-- verifyCopyrightNoticeIsDisplayed -->
  <testcase classname="tests.AboutPageTest" name="verifyDoctorsNavRedirectsToDoctorsPage" time="0.0">
    <ignored/>
  </testcase> <!-- verifyDoctorsNavRedirectsToDoctorsPage -->
  <testcase classname="tests.AboutPageTest" name="verifyAllFooterLinksAreDisplayed" time="0.0">
    <ignored/>
  </testcase> <!-- verifyAllFooterLinksAreDisplayed -->
</testsuite> <!-- Default test -->
